[2024-12-12T00:19:37.129+0000] {processor.py:157} INFO - Started process (PID=605) to work on /opt/airflow/dags/tracing_dag.py
[2024-12-12T00:19:37.157+0000] {processor.py:826} INFO - Processing file /opt/airflow/dags/tracing_dag.py for tasks to queue
[2024-12-12T00:19:37.161+0000] {logging_mixin.py:149} INFO - [2024-12-12T00:19:37.161+0000] {dagbag.py:541} INFO - Filling up the DagBag from /opt/airflow/dags/tracing_dag.py
[2024-12-12T00:19:37.432+0000] {logging_mixin.py:149} WARNING - /opt/airflow/dags/tracing_dag.py:59 RemovedInAirflow3Warning: Param `schedule_interval` is deprecated and will be removed in a future release. Please use `schedule` instead.
[2024-12-12T00:19:37.484+0000] {processor.py:836} INFO - DAG(s) dict_keys(['spark_tracing_example']) retrieved from /opt/airflow/dags/tracing_dag.py
[2024-12-12T00:19:37.640+0000] {logging_mixin.py:149} INFO - [2024-12-12T00:19:37.639+0000] {dag.py:2726} INFO - Sync 1 DAGs
[2024-12-12T00:19:37.734+0000] {logging_mixin.py:149} INFO - [2024-12-12T00:19:37.734+0000] {dag.py:3490} INFO - Setting next_dagrun for spark_tracing_example to None, run_after=None
[2024-12-12T00:19:37.802+0000] {processor.py:179} INFO - Processing /opt/airflow/dags/tracing_dag.py took 0.705 seconds
[2024-12-12T01:20:46.059+0000] {processor.py:157} INFO - Started process (PID=613) to work on /opt/airflow/dags/tracing_dag.py
[2024-12-12T01:20:46.066+0000] {processor.py:826} INFO - Processing file /opt/airflow/dags/tracing_dag.py for tasks to queue
[2024-12-12T01:20:46.074+0000] {logging_mixin.py:149} INFO - [2024-12-12T01:20:46.073+0000] {dagbag.py:541} INFO - Filling up the DagBag from /opt/airflow/dags/tracing_dag.py
[2024-12-12T01:20:46.438+0000] {logging_mixin.py:149} WARNING - /opt/airflow/dags/tracing_dag.py:59 RemovedInAirflow3Warning: Param `schedule_interval` is deprecated and will be removed in a future release. Please use `schedule` instead.
[2024-12-12T01:20:46.489+0000] {processor.py:836} INFO - DAG(s) dict_keys(['spark_tracing_example']) retrieved from /opt/airflow/dags/tracing_dag.py
[2024-12-12T01:20:46.655+0000] {logging_mixin.py:149} INFO - [2024-12-12T01:20:46.655+0000] {dag.py:2726} INFO - Sync 1 DAGs
[2024-12-12T01:20:46.802+0000] {logging_mixin.py:149} INFO - [2024-12-12T01:20:46.801+0000] {dag.py:3490} INFO - Setting next_dagrun for spark_tracing_example to None, run_after=None
[2024-12-12T01:20:46.904+0000] {processor.py:179} INFO - Processing /opt/airflow/dags/tracing_dag.py took 0.878 seconds
[2024-12-12T01:28:11.192+0000] {processor.py:157} INFO - Started process (PID=622) to work on /opt/airflow/dags/tracing_dag.py
[2024-12-12T01:28:11.224+0000] {processor.py:826} INFO - Processing file /opt/airflow/dags/tracing_dag.py for tasks to queue
[2024-12-12T01:28:11.229+0000] {logging_mixin.py:149} INFO - [2024-12-12T01:28:11.229+0000] {dagbag.py:541} INFO - Filling up the DagBag from /opt/airflow/dags/tracing_dag.py
[2024-12-12T01:28:11.478+0000] {logging_mixin.py:149} WARNING - /opt/airflow/dags/tracing_dag.py:59 RemovedInAirflow3Warning: Param `schedule_interval` is deprecated and will be removed in a future release. Please use `schedule` instead.
[2024-12-12T01:28:11.534+0000] {processor.py:836} INFO - DAG(s) dict_keys(['spark_tracing_example']) retrieved from /opt/airflow/dags/tracing_dag.py
[2024-12-12T01:28:11.678+0000] {logging_mixin.py:149} INFO - [2024-12-12T01:28:11.677+0000] {dag.py:2726} INFO - Sync 1 DAGs
[2024-12-12T01:28:11.777+0000] {logging_mixin.py:149} INFO - [2024-12-12T01:28:11.777+0000] {dag.py:3490} INFO - Setting next_dagrun for spark_tracing_example to None, run_after=None
[2024-12-12T01:28:11.855+0000] {processor.py:179} INFO - Processing /opt/airflow/dags/tracing_dag.py took 0.697 seconds
[2024-12-12T01:29:33.000+0000] {processor.py:157} INFO - Started process (PID=628) to work on /opt/airflow/dags/tracing_dag.py
[2024-12-12T01:29:33.006+0000] {processor.py:826} INFO - Processing file /opt/airflow/dags/tracing_dag.py for tasks to queue
[2024-12-12T01:29:33.009+0000] {logging_mixin.py:149} INFO - [2024-12-12T01:29:33.009+0000] {dagbag.py:541} INFO - Filling up the DagBag from /opt/airflow/dags/tracing_dag.py
[2024-12-12T01:29:33.148+0000] {logging_mixin.py:149} WARNING - /opt/airflow/dags/tracing_dag.py:59 RemovedInAirflow3Warning: Param `schedule_interval` is deprecated and will be removed in a future release. Please use `schedule` instead.
[2024-12-12T01:29:33.181+0000] {processor.py:836} INFO - DAG(s) dict_keys(['spark_tracing_example']) retrieved from /opt/airflow/dags/tracing_dag.py
[2024-12-12T01:29:33.274+0000] {logging_mixin.py:149} INFO - [2024-12-12T01:29:33.274+0000] {dag.py:2726} INFO - Sync 1 DAGs
[2024-12-12T01:29:33.348+0000] {logging_mixin.py:149} INFO - [2024-12-12T01:29:33.348+0000] {dag.py:3490} INFO - Setting next_dagrun for spark_tracing_example to None, run_after=None
[2024-12-12T01:29:33.408+0000] {processor.py:179} INFO - Processing /opt/airflow/dags/tracing_dag.py took 0.428 seconds
[2024-12-12T02:22:10.352+0000] {processor.py:157} INFO - Started process (PID=632) to work on /opt/airflow/dags/tracing_dag.py
[2024-12-12T02:22:10.357+0000] {processor.py:826} INFO - Processing file /opt/airflow/dags/tracing_dag.py for tasks to queue
[2024-12-12T02:22:10.361+0000] {logging_mixin.py:149} INFO - [2024-12-12T02:22:10.361+0000] {dagbag.py:541} INFO - Filling up the DagBag from /opt/airflow/dags/tracing_dag.py
[2024-12-12T02:22:10.540+0000] {logging_mixin.py:149} WARNING - /opt/airflow/dags/tracing_dag.py:59 RemovedInAirflow3Warning: Param `schedule_interval` is deprecated and will be removed in a future release. Please use `schedule` instead.
[2024-12-12T02:22:10.589+0000] {processor.py:836} INFO - DAG(s) dict_keys(['spark_tracing_example']) retrieved from /opt/airflow/dags/tracing_dag.py
[2024-12-12T02:22:10.722+0000] {logging_mixin.py:149} INFO - [2024-12-12T02:22:10.721+0000] {dag.py:2726} INFO - Sync 1 DAGs
[2024-12-12T02:22:10.798+0000] {logging_mixin.py:149} INFO - [2024-12-12T02:22:10.798+0000] {dag.py:3490} INFO - Setting next_dagrun for spark_tracing_example to None, run_after=None
[2024-12-12T02:22:10.867+0000] {processor.py:179} INFO - Processing /opt/airflow/dags/tracing_dag.py took 0.536 seconds
[2024-12-12T03:23:14.185+0000] {processor.py:157} INFO - Started process (PID=642) to work on /opt/airflow/dags/tracing_dag.py
[2024-12-12T03:23:14.190+0000] {processor.py:826} INFO - Processing file /opt/airflow/dags/tracing_dag.py for tasks to queue
[2024-12-12T03:23:14.193+0000] {logging_mixin.py:149} INFO - [2024-12-12T03:23:14.193+0000] {dagbag.py:541} INFO - Filling up the DagBag from /opt/airflow/dags/tracing_dag.py
[2024-12-12T03:23:14.349+0000] {logging_mixin.py:149} WARNING - /opt/airflow/dags/tracing_dag.py:59 RemovedInAirflow3Warning: Param `schedule_interval` is deprecated and will be removed in a future release. Please use `schedule` instead.
[2024-12-12T03:23:14.389+0000] {processor.py:836} INFO - DAG(s) dict_keys(['spark_tracing_example']) retrieved from /opt/airflow/dags/tracing_dag.py
[2024-12-12T03:23:14.499+0000] {logging_mixin.py:149} INFO - [2024-12-12T03:23:14.499+0000] {dag.py:2726} INFO - Sync 1 DAGs
[2024-12-12T03:23:14.624+0000] {logging_mixin.py:149} INFO - [2024-12-12T03:23:14.624+0000] {dag.py:3490} INFO - Setting next_dagrun for spark_tracing_example to None, run_after=None
[2024-12-12T03:23:14.667+0000] {processor.py:179} INFO - Processing /opt/airflow/dags/tracing_dag.py took 0.506 seconds
[2024-12-12T04:24:17.130+0000] {processor.py:157} INFO - Started process (PID=650) to work on /opt/airflow/dags/tracing_dag.py
[2024-12-12T04:24:17.137+0000] {processor.py:826} INFO - Processing file /opt/airflow/dags/tracing_dag.py for tasks to queue
[2024-12-12T04:24:17.141+0000] {logging_mixin.py:149} INFO - [2024-12-12T04:24:17.140+0000] {dagbag.py:541} INFO - Filling up the DagBag from /opt/airflow/dags/tracing_dag.py
[2024-12-12T04:24:17.388+0000] {logging_mixin.py:149} WARNING - /opt/airflow/dags/tracing_dag.py:59 RemovedInAirflow3Warning: Param `schedule_interval` is deprecated and will be removed in a future release. Please use `schedule` instead.
[2024-12-12T04:24:17.458+0000] {processor.py:836} INFO - DAG(s) dict_keys(['spark_tracing_example']) retrieved from /opt/airflow/dags/tracing_dag.py
[2024-12-12T04:24:17.610+0000] {logging_mixin.py:149} INFO - [2024-12-12T04:24:17.610+0000] {dag.py:2726} INFO - Sync 1 DAGs
[2024-12-12T04:24:17.737+0000] {logging_mixin.py:149} INFO - [2024-12-12T04:24:17.735+0000] {dag.py:3490} INFO - Setting next_dagrun for spark_tracing_example to None, run_after=None
[2024-12-12T04:24:17.972+0000] {processor.py:179} INFO - Processing /opt/airflow/dags/tracing_dag.py took 0.865 seconds
[2024-12-12T05:25:22.784+0000] {processor.py:157} INFO - Started process (PID=658) to work on /opt/airflow/dags/tracing_dag.py
[2024-12-12T05:25:22.791+0000] {processor.py:826} INFO - Processing file /opt/airflow/dags/tracing_dag.py for tasks to queue
[2024-12-12T05:25:22.795+0000] {logging_mixin.py:149} INFO - [2024-12-12T05:25:22.795+0000] {dagbag.py:541} INFO - Filling up the DagBag from /opt/airflow/dags/tracing_dag.py
[2024-12-12T05:25:23.195+0000] {logging_mixin.py:149} WARNING - /opt/airflow/dags/tracing_dag.py:59 RemovedInAirflow3Warning: Param `schedule_interval` is deprecated and will be removed in a future release. Please use `schedule` instead.
[2024-12-12T05:25:23.255+0000] {processor.py:836} INFO - DAG(s) dict_keys(['spark_tracing_example']) retrieved from /opt/airflow/dags/tracing_dag.py
[2024-12-12T05:25:23.411+0000] {logging_mixin.py:149} INFO - [2024-12-12T05:25:23.410+0000] {dag.py:2726} INFO - Sync 1 DAGs
[2024-12-12T05:25:23.516+0000] {logging_mixin.py:149} INFO - [2024-12-12T05:25:23.515+0000] {dag.py:3490} INFO - Setting next_dagrun for spark_tracing_example to None, run_after=None
[2024-12-12T05:25:23.600+0000] {processor.py:179} INFO - Processing /opt/airflow/dags/tracing_dag.py took 0.843 seconds
[2024-12-12T06:26:40.051+0000] {processor.py:157} INFO - Started process (PID=666) to work on /opt/airflow/dags/tracing_dag.py
[2024-12-12T06:26:40.057+0000] {processor.py:826} INFO - Processing file /opt/airflow/dags/tracing_dag.py for tasks to queue
[2024-12-12T06:26:40.061+0000] {logging_mixin.py:149} INFO - [2024-12-12T06:26:40.061+0000] {dagbag.py:541} INFO - Filling up the DagBag from /opt/airflow/dags/tracing_dag.py
[2024-12-12T06:26:40.285+0000] {logging_mixin.py:149} WARNING - /opt/airflow/dags/tracing_dag.py:59 RemovedInAirflow3Warning: Param `schedule_interval` is deprecated and will be removed in a future release. Please use `schedule` instead.
[2024-12-12T06:26:40.336+0000] {processor.py:836} INFO - DAG(s) dict_keys(['spark_tracing_example']) retrieved from /opt/airflow/dags/tracing_dag.py
[2024-12-12T06:26:40.449+0000] {logging_mixin.py:149} INFO - [2024-12-12T06:26:40.449+0000] {dag.py:2726} INFO - Sync 1 DAGs
[2024-12-12T06:26:40.532+0000] {logging_mixin.py:149} INFO - [2024-12-12T06:26:40.532+0000] {dag.py:3490} INFO - Setting next_dagrun for spark_tracing_example to None, run_after=None
[2024-12-12T06:26:40.581+0000] {processor.py:179} INFO - Processing /opt/airflow/dags/tracing_dag.py took 0.565 seconds
[2024-12-12T07:01:55.297+0000] {processor.py:157} INFO - Started process (PID=672) to work on /opt/airflow/dags/tracing_dag.py
[2024-12-12T07:01:55.308+0000] {processor.py:826} INFO - Processing file /opt/airflow/dags/tracing_dag.py for tasks to queue
[2024-12-12T07:01:55.313+0000] {logging_mixin.py:149} INFO - [2024-12-12T07:01:55.312+0000] {dagbag.py:541} INFO - Filling up the DagBag from /opt/airflow/dags/tracing_dag.py
[2024-12-12T07:01:55.526+0000] {logging_mixin.py:149} WARNING - /opt/airflow/dags/tracing_dag.py:59 RemovedInAirflow3Warning: Param `schedule_interval` is deprecated and will be removed in a future release. Please use `schedule` instead.
[2024-12-12T07:01:55.575+0000] {processor.py:836} INFO - DAG(s) dict_keys(['spark_tracing_example']) retrieved from /opt/airflow/dags/tracing_dag.py
[2024-12-12T07:01:55.700+0000] {logging_mixin.py:149} INFO - [2024-12-12T07:01:55.700+0000] {dag.py:2726} INFO - Sync 1 DAGs
[2024-12-12T07:01:55.799+0000] {logging_mixin.py:149} INFO - [2024-12-12T07:01:55.799+0000] {dag.py:3490} INFO - Setting next_dagrun for spark_tracing_example to None, run_after=None
[2024-12-12T07:01:55.874+0000] {processor.py:179} INFO - Processing /opt/airflow/dags/tracing_dag.py took 0.620 seconds
[2024-12-12T07:38:28.644+0000] {processor.py:157} INFO - Started process (PID=680) to work on /opt/airflow/dags/tracing_dag.py
[2024-12-12T07:38:28.662+0000] {processor.py:826} INFO - Processing file /opt/airflow/dags/tracing_dag.py for tasks to queue
[2024-12-12T07:38:28.669+0000] {logging_mixin.py:149} INFO - [2024-12-12T07:38:28.668+0000] {dagbag.py:541} INFO - Filling up the DagBag from /opt/airflow/dags/tracing_dag.py
[2024-12-12T07:38:29.033+0000] {logging_mixin.py:149} WARNING - /opt/airflow/dags/tracing_dag.py:59 RemovedInAirflow3Warning: Param `schedule_interval` is deprecated and will be removed in a future release. Please use `schedule` instead.
[2024-12-12T07:38:29.126+0000] {processor.py:836} INFO - DAG(s) dict_keys(['spark_tracing_example']) retrieved from /opt/airflow/dags/tracing_dag.py
[2024-12-12T07:38:29.310+0000] {logging_mixin.py:149} INFO - [2024-12-12T07:38:29.309+0000] {dag.py:2726} INFO - Sync 1 DAGs
[2024-12-12T07:38:29.404+0000] {logging_mixin.py:149} INFO - [2024-12-12T07:38:29.404+0000] {dag.py:3490} INFO - Setting next_dagrun for spark_tracing_example to None, run_after=None
[2024-12-12T07:38:29.488+0000] {processor.py:179} INFO - Processing /opt/airflow/dags/tracing_dag.py took 0.898 seconds
[2024-12-12T07:39:06.516+0000] {processor.py:157} INFO - Started process (PID=688) to work on /opt/airflow/dags/tracing_dag.py
[2024-12-12T07:39:06.535+0000] {processor.py:826} INFO - Processing file /opt/airflow/dags/tracing_dag.py for tasks to queue
[2024-12-12T07:39:06.540+0000] {logging_mixin.py:149} INFO - [2024-12-12T07:39:06.540+0000] {dagbag.py:541} INFO - Filling up the DagBag from /opt/airflow/dags/tracing_dag.py
[2024-12-12T07:39:06.911+0000] {logging_mixin.py:149} WARNING - /opt/airflow/dags/tracing_dag.py:59 RemovedInAirflow3Warning: Param `schedule_interval` is deprecated and will be removed in a future release. Please use `schedule` instead.
[2024-12-12T07:39:06.973+0000] {processor.py:836} INFO - DAG(s) dict_keys(['spark_tracing_example']) retrieved from /opt/airflow/dags/tracing_dag.py
[2024-12-12T07:39:07.109+0000] {logging_mixin.py:149} INFO - [2024-12-12T07:39:07.109+0000] {dag.py:2726} INFO - Sync 1 DAGs
[2024-12-12T07:39:07.205+0000] {logging_mixin.py:149} INFO - [2024-12-12T07:39:07.205+0000] {dag.py:3490} INFO - Setting next_dagrun for spark_tracing_example to None, run_after=None
[2024-12-12T07:39:07.280+0000] {processor.py:179} INFO - Processing /opt/airflow/dags/tracing_dag.py took 0.800 seconds
[2024-12-12T14:16:08.771+0000] {processor.py:157} INFO - Started process (PID=691) to work on /opt/airflow/dags/tracing_dag.py
[2024-12-12T14:16:08.776+0000] {processor.py:826} INFO - Processing file /opt/airflow/dags/tracing_dag.py for tasks to queue
[2024-12-12T14:16:08.779+0000] {logging_mixin.py:149} INFO - [2024-12-12T14:16:08.778+0000] {dagbag.py:541} INFO - Filling up the DagBag from /opt/airflow/dags/tracing_dag.py
[2024-12-12T14:16:08.882+0000] {logging_mixin.py:149} WARNING - /opt/airflow/dags/tracing_dag.py:59 RemovedInAirflow3Warning: Param `schedule_interval` is deprecated and will be removed in a future release. Please use `schedule` instead.
[2024-12-12T14:16:08.904+0000] {processor.py:836} INFO - DAG(s) dict_keys(['spark_tracing_example']) retrieved from /opt/airflow/dags/tracing_dag.py
[2024-12-12T14:16:08.991+0000] {logging_mixin.py:149} INFO - [2024-12-12T14:16:08.991+0000] {dag.py:2726} INFO - Sync 1 DAGs
[2024-12-12T14:16:09.115+0000] {logging_mixin.py:149} INFO - [2024-12-12T14:16:09.115+0000] {dag.py:3490} INFO - Setting next_dagrun for spark_tracing_example to None, run_after=None
[2024-12-12T14:16:09.234+0000] {processor.py:179} INFO - Processing /opt/airflow/dags/tracing_dag.py took 0.479 seconds
[2024-12-12T15:15:13.152+0000] {processor.py:157} INFO - Started process (PID=699) to work on /opt/airflow/dags/tracing_dag.py
[2024-12-12T15:15:13.162+0000] {processor.py:826} INFO - Processing file /opt/airflow/dags/tracing_dag.py for tasks to queue
[2024-12-12T15:15:13.170+0000] {logging_mixin.py:149} INFO - [2024-12-12T15:15:13.169+0000] {dagbag.py:541} INFO - Filling up the DagBag from /opt/airflow/dags/tracing_dag.py
[2024-12-12T15:15:13.368+0000] {logging_mixin.py:149} WARNING - /opt/airflow/dags/tracing_dag.py:59 RemovedInAirflow3Warning: Param `schedule_interval` is deprecated and will be removed in a future release. Please use `schedule` instead.
[2024-12-12T15:15:13.413+0000] {processor.py:836} INFO - DAG(s) dict_keys(['spark_tracing_example']) retrieved from /opt/airflow/dags/tracing_dag.py
[2024-12-12T15:15:13.541+0000] {logging_mixin.py:149} INFO - [2024-12-12T15:15:13.541+0000] {dag.py:2726} INFO - Sync 1 DAGs
[2024-12-12T15:15:13.638+0000] {logging_mixin.py:149} INFO - [2024-12-12T15:15:13.638+0000] {dag.py:3490} INFO - Setting next_dagrun for spark_tracing_example to None, run_after=None
[2024-12-12T15:15:13.696+0000] {processor.py:179} INFO - Processing /opt/airflow/dags/tracing_dag.py took 0.574 seconds
[2024-12-12T16:16:56.476+0000] {processor.py:157} INFO - Started process (PID=707) to work on /opt/airflow/dags/tracing_dag.py
[2024-12-12T16:16:56.482+0000] {processor.py:826} INFO - Processing file /opt/airflow/dags/tracing_dag.py for tasks to queue
[2024-12-12T16:16:56.488+0000] {logging_mixin.py:149} INFO - [2024-12-12T16:16:56.488+0000] {dagbag.py:541} INFO - Filling up the DagBag from /opt/airflow/dags/tracing_dag.py
[2024-12-12T16:16:56.712+0000] {logging_mixin.py:149} WARNING - /opt/airflow/dags/tracing_dag.py:59 RemovedInAirflow3Warning: Param `schedule_interval` is deprecated and will be removed in a future release. Please use `schedule` instead.
[2024-12-12T16:16:56.760+0000] {processor.py:836} INFO - DAG(s) dict_keys(['spark_tracing_example']) retrieved from /opt/airflow/dags/tracing_dag.py
[2024-12-12T16:16:56.890+0000] {logging_mixin.py:149} INFO - [2024-12-12T16:16:56.890+0000] {dag.py:2726} INFO - Sync 1 DAGs
[2024-12-12T16:16:56.959+0000] {logging_mixin.py:149} INFO - [2024-12-12T16:16:56.959+0000] {dag.py:3490} INFO - Setting next_dagrun for spark_tracing_example to None, run_after=None
[2024-12-12T16:16:57.013+0000] {processor.py:179} INFO - Processing /opt/airflow/dags/tracing_dag.py took 0.561 seconds
[2024-12-12T16:17:32.724+0000] {processor.py:157} INFO - Started process (PID=713) to work on /opt/airflow/dags/tracing_dag.py
[2024-12-12T16:17:32.747+0000] {processor.py:826} INFO - Processing file /opt/airflow/dags/tracing_dag.py for tasks to queue
[2024-12-12T16:17:32.764+0000] {logging_mixin.py:149} INFO - [2024-12-12T16:17:32.762+0000] {dagbag.py:541} INFO - Filling up the DagBag from /opt/airflow/dags/tracing_dag.py
[2024-12-12T16:17:33.136+0000] {logging_mixin.py:149} WARNING - /opt/airflow/dags/tracing_dag.py:59 RemovedInAirflow3Warning: Param `schedule_interval` is deprecated and will be removed in a future release. Please use `schedule` instead.
[2024-12-12T16:17:33.192+0000] {processor.py:836} INFO - DAG(s) dict_keys(['spark_tracing_example']) retrieved from /opt/airflow/dags/tracing_dag.py
[2024-12-12T16:17:33.315+0000] {logging_mixin.py:149} INFO - [2024-12-12T16:17:33.315+0000] {dag.py:2726} INFO - Sync 1 DAGs
[2024-12-12T16:17:33.395+0000] {logging_mixin.py:149} INFO - [2024-12-12T16:17:33.394+0000] {dag.py:3490} INFO - Setting next_dagrun for spark_tracing_example to None, run_after=None
[2024-12-12T16:17:33.452+0000] {processor.py:179} INFO - Processing /opt/airflow/dags/tracing_dag.py took 0.786 seconds
[2024-12-12T17:18:27.723+0000] {processor.py:157} INFO - Started process (PID=715) to work on /opt/airflow/dags/tracing_dag.py
[2024-12-12T17:18:27.729+0000] {processor.py:826} INFO - Processing file /opt/airflow/dags/tracing_dag.py for tasks to queue
[2024-12-12T17:18:27.731+0000] {logging_mixin.py:149} INFO - [2024-12-12T17:18:27.730+0000] {dagbag.py:541} INFO - Filling up the DagBag from /opt/airflow/dags/tracing_dag.py
[2024-12-12T17:18:27.802+0000] {logging_mixin.py:149} WARNING - /opt/airflow/dags/tracing_dag.py:59 RemovedInAirflow3Warning: Param `schedule_interval` is deprecated and will be removed in a future release. Please use `schedule` instead.
[2024-12-12T17:18:27.817+0000] {processor.py:836} INFO - DAG(s) dict_keys(['spark_tracing_example']) retrieved from /opt/airflow/dags/tracing_dag.py
[2024-12-12T17:18:27.866+0000] {logging_mixin.py:149} INFO - [2024-12-12T17:18:27.866+0000] {dag.py:2726} INFO - Sync 1 DAGs
[2024-12-12T17:18:27.943+0000] {logging_mixin.py:149} INFO - [2024-12-12T17:18:27.943+0000] {dag.py:3490} INFO - Setting next_dagrun for spark_tracing_example to None, run_after=None
[2024-12-12T17:18:28.006+0000] {processor.py:179} INFO - Processing /opt/airflow/dags/tracing_dag.py took 0.311 seconds
[2024-12-12T18:19:26.161+0000] {processor.py:157} INFO - Started process (PID=723) to work on /opt/airflow/dags/tracing_dag.py
[2024-12-12T18:19:26.168+0000] {processor.py:826} INFO - Processing file /opt/airflow/dags/tracing_dag.py for tasks to queue
[2024-12-12T18:19:26.171+0000] {logging_mixin.py:149} INFO - [2024-12-12T18:19:26.171+0000] {dagbag.py:541} INFO - Filling up the DagBag from /opt/airflow/dags/tracing_dag.py
[2024-12-12T18:19:26.372+0000] {logging_mixin.py:149} WARNING - /opt/airflow/dags/tracing_dag.py:59 RemovedInAirflow3Warning: Param `schedule_interval` is deprecated and will be removed in a future release. Please use `schedule` instead.
[2024-12-12T18:19:26.413+0000] {processor.py:836} INFO - DAG(s) dict_keys(['spark_tracing_example']) retrieved from /opt/airflow/dags/tracing_dag.py
[2024-12-12T18:19:26.509+0000] {logging_mixin.py:149} INFO - [2024-12-12T18:19:26.508+0000] {dag.py:2726} INFO - Sync 1 DAGs
[2024-12-12T18:19:26.573+0000] {logging_mixin.py:149} INFO - [2024-12-12T18:19:26.572+0000] {dag.py:3490} INFO - Setting next_dagrun for spark_tracing_example to None, run_after=None
[2024-12-12T18:19:26.617+0000] {processor.py:179} INFO - Processing /opt/airflow/dags/tracing_dag.py took 0.503 seconds
[2024-12-12T19:20:29.043+0000] {processor.py:157} INFO - Started process (PID=733) to work on /opt/airflow/dags/tracing_dag.py
[2024-12-12T19:20:29.047+0000] {processor.py:826} INFO - Processing file /opt/airflow/dags/tracing_dag.py for tasks to queue
[2024-12-12T19:20:29.049+0000] {logging_mixin.py:149} INFO - [2024-12-12T19:20:29.049+0000] {dagbag.py:541} INFO - Filling up the DagBag from /opt/airflow/dags/tracing_dag.py
[2024-12-12T19:20:29.181+0000] {logging_mixin.py:149} WARNING - /opt/airflow/dags/tracing_dag.py:59 RemovedInAirflow3Warning: Param `schedule_interval` is deprecated and will be removed in a future release. Please use `schedule` instead.
[2024-12-12T19:20:29.222+0000] {processor.py:836} INFO - DAG(s) dict_keys(['spark_tracing_example']) retrieved from /opt/airflow/dags/tracing_dag.py
[2024-12-12T19:20:29.362+0000] {logging_mixin.py:149} INFO - [2024-12-12T19:20:29.362+0000] {dag.py:2726} INFO - Sync 1 DAGs
[2024-12-12T19:20:29.450+0000] {logging_mixin.py:149} INFO - [2024-12-12T19:20:29.450+0000] {dag.py:3490} INFO - Setting next_dagrun for spark_tracing_example to None, run_after=None
[2024-12-12T19:20:29.516+0000] {processor.py:179} INFO - Processing /opt/airflow/dags/tracing_dag.py took 0.491 seconds
[2024-12-12T20:21:32.035+0000] {processor.py:157} INFO - Started process (PID=739) to work on /opt/airflow/dags/tracing_dag.py
[2024-12-12T20:21:32.043+0000] {processor.py:826} INFO - Processing file /opt/airflow/dags/tracing_dag.py for tasks to queue
[2024-12-12T20:21:32.053+0000] {logging_mixin.py:149} INFO - [2024-12-12T20:21:32.052+0000] {dagbag.py:541} INFO - Filling up the DagBag from /opt/airflow/dags/tracing_dag.py
[2024-12-12T20:21:32.279+0000] {logging_mixin.py:149} WARNING - /opt/airflow/dags/tracing_dag.py:59 RemovedInAirflow3Warning: Param `schedule_interval` is deprecated and will be removed in a future release. Please use `schedule` instead.
[2024-12-12T20:21:32.332+0000] {processor.py:836} INFO - DAG(s) dict_keys(['spark_tracing_example']) retrieved from /opt/airflow/dags/tracing_dag.py
[2024-12-12T20:21:32.482+0000] {logging_mixin.py:149} INFO - [2024-12-12T20:21:32.481+0000] {dag.py:2726} INFO - Sync 1 DAGs
[2024-12-12T20:21:32.601+0000] {logging_mixin.py:149} INFO - [2024-12-12T20:21:32.600+0000] {dag.py:3490} INFO - Setting next_dagrun for spark_tracing_example to None, run_after=None
[2024-12-12T20:21:32.663+0000] {processor.py:179} INFO - Processing /opt/airflow/dags/tracing_dag.py took 0.672 seconds
[2024-12-12T20:22:09.187+0000] {processor.py:157} INFO - Started process (PID=745) to work on /opt/airflow/dags/tracing_dag.py
[2024-12-12T20:22:09.236+0000] {processor.py:826} INFO - Processing file /opt/airflow/dags/tracing_dag.py for tasks to queue
[2024-12-12T20:22:09.253+0000] {logging_mixin.py:149} INFO - [2024-12-12T20:22:09.252+0000] {dagbag.py:541} INFO - Filling up the DagBag from /opt/airflow/dags/tracing_dag.py
[2024-12-12T20:22:09.626+0000] {logging_mixin.py:149} WARNING - /opt/airflow/dags/tracing_dag.py:59 RemovedInAirflow3Warning: Param `schedule_interval` is deprecated and will be removed in a future release. Please use `schedule` instead.
[2024-12-12T20:22:09.687+0000] {processor.py:836} INFO - DAG(s) dict_keys(['spark_tracing_example']) retrieved from /opt/airflow/dags/tracing_dag.py
[2024-12-12T20:22:09.816+0000] {logging_mixin.py:149} INFO - [2024-12-12T20:22:09.816+0000] {dag.py:2726} INFO - Sync 1 DAGs
[2024-12-12T20:22:09.901+0000] {logging_mixin.py:149} INFO - [2024-12-12T20:22:09.901+0000] {dag.py:3490} INFO - Setting next_dagrun for spark_tracing_example to None, run_after=None
[2024-12-12T20:22:09.989+0000] {processor.py:179} INFO - Processing /opt/airflow/dags/tracing_dag.py took 0.859 seconds
[2024-12-12T22:23:49.707+0000] {processor.py:157} INFO - Started process (PID=747) to work on /opt/airflow/dags/tracing_dag.py
[2024-12-12T22:23:49.717+0000] {processor.py:826} INFO - Processing file /opt/airflow/dags/tracing_dag.py for tasks to queue
[2024-12-12T22:23:49.721+0000] {logging_mixin.py:149} INFO - [2024-12-12T22:23:49.720+0000] {dagbag.py:541} INFO - Filling up the DagBag from /opt/airflow/dags/tracing_dag.py
[2024-12-12T22:23:49.988+0000] {logging_mixin.py:149} WARNING - /opt/airflow/dags/tracing_dag.py:59 RemovedInAirflow3Warning: Param `schedule_interval` is deprecated and will be removed in a future release. Please use `schedule` instead.
[2024-12-12T22:23:50.042+0000] {processor.py:836} INFO - DAG(s) dict_keys(['spark_tracing_example']) retrieved from /opt/airflow/dags/tracing_dag.py
[2024-12-12T22:23:50.187+0000] {logging_mixin.py:149} INFO - [2024-12-12T22:23:50.187+0000] {dag.py:2726} INFO - Sync 1 DAGs
[2024-12-12T22:23:50.279+0000] {logging_mixin.py:149} INFO - [2024-12-12T22:23:50.279+0000] {dag.py:3490} INFO - Setting next_dagrun for spark_tracing_example to None, run_after=None
[2024-12-12T22:23:50.356+0000] {processor.py:179} INFO - Processing /opt/airflow/dags/tracing_dag.py took 0.711 seconds
[2024-12-12T22:24:20.791+0000] {processor.py:157} INFO - Started process (PID=754) to work on /opt/airflow/dags/tracing_dag.py
[2024-12-12T22:24:20.794+0000] {processor.py:826} INFO - Processing file /opt/airflow/dags/tracing_dag.py for tasks to queue
[2024-12-12T22:24:20.795+0000] {logging_mixin.py:149} INFO - [2024-12-12T22:24:20.795+0000] {dagbag.py:541} INFO - Filling up the DagBag from /opt/airflow/dags/tracing_dag.py
[2024-12-12T22:24:20.839+0000] {logging_mixin.py:149} WARNING - /opt/airflow/dags/tracing_dag.py:59 RemovedInAirflow3Warning: Param `schedule_interval` is deprecated and will be removed in a future release. Please use `schedule` instead.
[2024-12-12T22:24:20.848+0000] {processor.py:836} INFO - DAG(s) dict_keys(['spark_tracing_example']) retrieved from /opt/airflow/dags/tracing_dag.py
[2024-12-12T22:24:20.881+0000] {logging_mixin.py:149} INFO - [2024-12-12T22:24:20.881+0000] {dag.py:2726} INFO - Sync 1 DAGs
[2024-12-12T22:24:20.910+0000] {logging_mixin.py:149} INFO - [2024-12-12T22:24:20.910+0000] {dag.py:3490} INFO - Setting next_dagrun for spark_tracing_example to None, run_after=None
[2024-12-12T22:24:20.938+0000] {processor.py:179} INFO - Processing /opt/airflow/dags/tracing_dag.py took 0.155 seconds
[2024-12-12T23:13:36.558+0000] {processor.py:157} INFO - Started process (PID=758) to work on /opt/airflow/dags/tracing_dag.py
[2024-12-12T23:13:36.565+0000] {processor.py:826} INFO - Processing file /opt/airflow/dags/tracing_dag.py for tasks to queue
[2024-12-12T23:13:36.567+0000] {logging_mixin.py:149} INFO - [2024-12-12T23:13:36.567+0000] {dagbag.py:541} INFO - Filling up the DagBag from /opt/airflow/dags/tracing_dag.py
[2024-12-12T23:13:36.702+0000] {logging_mixin.py:149} WARNING - /opt/airflow/dags/tracing_dag.py:59 RemovedInAirflow3Warning: Param `schedule_interval` is deprecated and will be removed in a future release. Please use `schedule` instead.
[2024-12-12T23:13:36.735+0000] {processor.py:836} INFO - DAG(s) dict_keys(['spark_tracing_example']) retrieved from /opt/airflow/dags/tracing_dag.py
[2024-12-12T23:13:36.820+0000] {logging_mixin.py:149} INFO - [2024-12-12T23:13:36.819+0000] {dag.py:2726} INFO - Sync 1 DAGs
[2024-12-12T23:13:36.881+0000] {logging_mixin.py:149} INFO - [2024-12-12T23:13:36.881+0000] {dag.py:3490} INFO - Setting next_dagrun for spark_tracing_example to None, run_after=None
[2024-12-12T23:13:36.927+0000] {processor.py:179} INFO - Processing /opt/airflow/dags/tracing_dag.py took 0.403 seconds
[2024-12-12T23:24:50.555+0000] {processor.py:157} INFO - Started process (PID=763) to work on /opt/airflow/dags/tracing_dag.py
[2024-12-12T23:24:50.572+0000] {processor.py:826} INFO - Processing file /opt/airflow/dags/tracing_dag.py for tasks to queue
[2024-12-12T23:24:50.574+0000] {logging_mixin.py:149} INFO - [2024-12-12T23:24:50.574+0000] {dagbag.py:541} INFO - Filling up the DagBag from /opt/airflow/dags/tracing_dag.py
[2024-12-12T23:24:50.702+0000] {logging_mixin.py:149} WARNING - /opt/airflow/dags/tracing_dag.py:59 RemovedInAirflow3Warning: Param `schedule_interval` is deprecated and will be removed in a future release. Please use `schedule` instead.
[2024-12-12T23:24:50.725+0000] {processor.py:836} INFO - DAG(s) dict_keys(['spark_tracing_example']) retrieved from /opt/airflow/dags/tracing_dag.py
[2024-12-12T23:24:50.771+0000] {logging_mixin.py:149} INFO - [2024-12-12T23:24:50.771+0000] {dag.py:2726} INFO - Sync 1 DAGs
[2024-12-12T23:24:50.825+0000] {logging_mixin.py:149} INFO - [2024-12-12T23:24:50.824+0000] {dag.py:3490} INFO - Setting next_dagrun for spark_tracing_example to None, run_after=None
[2024-12-12T23:24:50.895+0000] {processor.py:179} INFO - Processing /opt/airflow/dags/tracing_dag.py took 0.365 seconds
[2024-12-12T23:28:05.380+0000] {processor.py:157} INFO - Started process (PID=770) to work on /opt/airflow/dags/tracing_dag.py
[2024-12-12T23:28:05.382+0000] {processor.py:826} INFO - Processing file /opt/airflow/dags/tracing_dag.py for tasks to queue
[2024-12-12T23:28:05.383+0000] {logging_mixin.py:149} INFO - [2024-12-12T23:28:05.383+0000] {dagbag.py:541} INFO - Filling up the DagBag from /opt/airflow/dags/tracing_dag.py
[2024-12-12T23:28:05.459+0000] {logging_mixin.py:149} WARNING - /opt/airflow/dags/tracing_dag.py:59 RemovedInAirflow3Warning: Param `schedule_interval` is deprecated and will be removed in a future release. Please use `schedule` instead.
[2024-12-12T23:28:05.471+0000] {processor.py:836} INFO - DAG(s) dict_keys(['spark_tracing_example']) retrieved from /opt/airflow/dags/tracing_dag.py
[2024-12-12T23:28:05.554+0000] {logging_mixin.py:149} INFO - [2024-12-12T23:28:05.554+0000] {dag.py:2726} INFO - Sync 1 DAGs
[2024-12-12T23:28:05.619+0000] {logging_mixin.py:149} INFO - [2024-12-12T23:28:05.619+0000] {dag.py:3490} INFO - Setting next_dagrun for spark_tracing_example to None, run_after=None
[2024-12-12T23:28:05.655+0000] {processor.py:179} INFO - Processing /opt/airflow/dags/tracing_dag.py took 0.279 seconds
[2024-12-12T23:55:02.809+0000] {processor.py:157} INFO - Started process (PID=775) to work on /opt/airflow/dags/tracing_dag.py
[2024-12-12T23:55:02.831+0000] {processor.py:826} INFO - Processing file /opt/airflow/dags/tracing_dag.py for tasks to queue
[2024-12-12T23:55:02.833+0000] {logging_mixin.py:149} INFO - [2024-12-12T23:55:02.832+0000] {dagbag.py:541} INFO - Filling up the DagBag from /opt/airflow/dags/tracing_dag.py
[2024-12-12T23:55:02.901+0000] {logging_mixin.py:149} WARNING - /opt/airflow/dags/tracing_dag.py:59 RemovedInAirflow3Warning: Param `schedule_interval` is deprecated and will be removed in a future release. Please use `schedule` instead.
[2024-12-12T23:55:02.905+0000] {processor.py:836} INFO - DAG(s) dict_keys(['spark_tracing_example']) retrieved from /opt/airflow/dags/tracing_dag.py
[2024-12-12T23:55:02.948+0000] {logging_mixin.py:149} INFO - [2024-12-12T23:55:02.948+0000] {dag.py:2726} INFO - Sync 1 DAGs
[2024-12-12T23:55:02.985+0000] {logging_mixin.py:149} INFO - [2024-12-12T23:55:02.984+0000] {dag.py:3490} INFO - Setting next_dagrun for spark_tracing_example to None, run_after=None
[2024-12-12T23:55:03.013+0000] {processor.py:179} INFO - Processing /opt/airflow/dags/tracing_dag.py took 0.209 seconds
