/home/airflow/.local/lib/python3.7/site-packages/airflow/utils/log/file_task_handler.py:187 ResourceWarning: unclosed file <_io.TextIOWrapper name='/opt/airflow/logs/dag_id=spark_tracing_example/run_id=manual__2024-12-07T23:15:25.097651+00:00/task_id=spark_task/attempt=1.log' mode='a' encoding='utf-8'>
[2024-12-07T23:15:40.318+0000] {taskinstance.py:1103} INFO - Dependencies all met for dep_context=non-requeueable deps ti=<TaskInstance: spark_tracing_example.spark_task manual__2024-12-07T23:15:25.097651+00:00 [queued]>
[2024-12-07T23:15:40.327+0000] {taskinstance.py:1103} INFO - Dependencies all met for dep_context=requeueable deps ti=<TaskInstance: spark_tracing_example.spark_task manual__2024-12-07T23:15:25.097651+00:00 [queued]>
[2024-12-07T23:15:40.328+0000] {taskinstance.py:1308} INFO - Starting attempt 1 of 1
[2024-12-07T23:15:40.347+0000] {taskinstance.py:1327} INFO - Executing <Task(SparkSubmitOperator): spark_task> on 2024-12-07 23:15:25.097651+00:00
[2024-12-07T23:15:40.351+0000] {standard_task_runner.py:57} INFO - Started process 270 to run task
[2024-12-07T23:15:40.356+0000] {standard_task_runner.py:84} INFO - Running: ['airflow', 'tasks', 'run', 'spark_tracing_example', 'spark_task', 'manual__2024-12-07T23:15:25.097651+00:00', '--job-id', '16', '--raw', '--subdir', 'DAGS_FOLDER/tracing_dag.py', '--cfg-path', '/tmp/tmpz2qa5aof']
[2024-12-07T23:15:40.357+0000] {standard_task_runner.py:85} INFO - Job 16: Subtask spark_task
[2024-12-07T23:15:40.407+0000] {task_command.py:410} INFO - Running <TaskInstance: spark_tracing_example.spark_task manual__2024-12-07T23:15:25.097651+00:00 [running]> on host c14753a6d317
[2024-12-07T23:15:40.640+0000] {taskinstance.py:1547} INFO - Exporting env vars: AIRFLOW_CTX_DAG_OWNER='airflow' AIRFLOW_CTX_DAG_ID='spark_tracing_example' AIRFLOW_CTX_TASK_ID='spark_task' AIRFLOW_CTX_EXECUTION_DATE='2024-12-07T23:15:25.097651+00:00' AIRFLOW_CTX_TRY_NUMBER='1' AIRFLOW_CTX_DAG_RUN_ID='manual__2024-12-07T23:15:25.097651+00:00'
[2024-12-07T23:15:40.646+0000] {base.py:73} INFO - Using connection ID 'spark_default' for task execution.
[2024-12-07T23:15:40.648+0000] {spark_submit.py:339} INFO - Spark-Submit cmd: spark-submit --master local[*] --conf spark.master=local[*] --conf spark.submit.deployMode=client --name arrow-spark --queue root.default /opt/airflow/spark_job.py
[2024-12-07T23:15:40.780+0000] {spark_submit.py:490} INFO - /home/airflow/.local/lib/python3.7/site-packages/pyspark/bin/load-spark-env.sh: line 68: ps: command not found
[2024-12-07T23:15:40.791+0000] {spark_submit.py:490} INFO - JAVA_HOME is not set
[2024-12-07T23:15:40.803+0000] {taskinstance.py:1824} ERROR - Task failed with exception
Traceback (most recent call last):
  File "/home/airflow/.local/lib/python3.7/site-packages/airflow/providers/apache/spark/operators/spark_submit.py", line 157, in execute
    self._hook.submit(self._application)
  File "/home/airflow/.local/lib/python3.7/site-packages/airflow/providers/apache/spark/hooks/spark_submit.py", line 422, in submit
    f"Cannot execute: {self._mask_cmd(spark_submit_cmd)}. Error code is: {returncode}."
airflow.exceptions.AirflowException: Cannot execute: spark-submit --master local[*] --conf spark.master=local[*] --conf spark.submit.deployMode=client --name arrow-spark --queue root.default /opt/airflow/spark_job.py. Error code is: 1.
[2024-12-07T23:15:40.807+0000] {taskinstance.py:1350} INFO - Marking task as FAILED. dag_id=spark_tracing_example, task_id=spark_task, execution_date=20241207T231525, start_date=20241207T231540, end_date=20241207T231540
[2024-12-07T23:15:40.822+0000] {standard_task_runner.py:109} ERROR - Failed to execute job 16 for task spark_task (Cannot execute: spark-submit --master local[*] --conf spark.master=local[*] --conf spark.submit.deployMode=client --name arrow-spark --queue root.default /opt/airflow/spark_job.py. Error code is: 1.; 270)
[2024-12-07T23:15:40.866+0000] {local_task_job_runner.py:225} INFO - Task exited with return code 1
[2024-12-07T23:15:40.887+0000] {taskinstance.py:2653} INFO - 0 downstream tasks scheduled from follow-on schedule check
